<?xml version="1.0" encoding="utf-8"?><testsuites><testsuite name="pytest" errors="0" failures="0" skipped="0" tests="11" time="0.409" timestamp="2023-02-25T21:54:37.416312" hostname="fv-az642-975"><testcase classname="tests.test_api.Api_Test" name="test_authenticate_failed" time="0.003" /><testcase classname="tests.test_api.Api_Test" name="test_authenticate_success" time="0.002" /><testcase classname="tests.test_api.Api_Test" name="test_error500" time="0.002" /><testcase classname="tests.test_api.Api_Test" name="test_inverter_401" time="0.002" /><testcase classname="tests.test_api.Api_Test" name="test_inverter_success" time="0.002" /><testcase classname="tests.test_api.Api_Test" name="test_list_plants_1_success" time="0.002" /><testcase classname="tests.test_api.Api_Test" name="test_list_plants_2_success" time="0.002" /><testcase classname="tests.test_api.Api_Test" name="test_list_plants_401" time="0.002" /><testcase classname="tests.test_api.Api_Test" name="test_list_plants_none_success" time="0.002" /><testcase classname="tests.test_api.Api_Test" name="test_plant_401" time="0.002" /><testcase classname="tests.test_api.Api_Test" name="test_plant_success" time="0.005" /></testsuite></testsuites>